<?xml version="1.0" encoding="UTF-8"?>
<!-- Generated by org.testng.reporters.JUnitXMLReporter -->
<testsuite hostname="LP000253" name="Guru99 Test Cases" tests="2" failures="0" timestamp="24 Mar 2021 14:49:39 GMT" time="46.597" errors="0">
  <testcase name="printNumberOfTopicsUnderGivenHeadingTest" time="0.154" classname="com.guru99.testcases.HomePageTest"/>
  <testcase name="searchGivenCourseAndFindRecordCountTest" time="11.694" classname="com.guru99.testcases.HomePageTest"/>
</testsuite> <!-- Guru99 Test Cases -->
