<?xml version="1.0" encoding="UTF-8"?>
<!-- Generated by org.testng.reporters.JUnitXMLReporter -->
<testsuite hostname="LP000253" ignored="0" name="Guru99 Test Cases" tests="2" failures="0" timestamp="24 Mar 2021 14:36:01 GMT" time="41.929" errors="0">
  <testcase name="printNumberOfTopicsUnderGivenHeadingTest" time="0.184" classname="com.guru99.testcases.HomePageTest"/>
  <testcase name="searchGivenCourseAndFindRecordCountTest" time="11.597" classname="com.guru99.testcases.HomePageTest"/>
</testsuite> <!-- Guru99 Test Cases -->
