<?xml version="1.0" encoding="UTF-8"?>
<!-- Generated by org.testng.reporters.JUnitXMLReporter -->
<testsuite hostname="LP000253" ignored="0" name="Default test" tests="2" failures="0" timestamp="24 Mar 2021 14:35:09 GMT" time="42.944" errors="0">
  <testcase name="printNumberOfTopicsUnderGivenHeadingTest" time="0.174" classname="com.guru99.testcases.HomePageTest"/>
  <testcase name="searchGivenCourseAndFindRecordCountTest" time="10.97" classname="com.guru99.testcases.HomePageTest"/>
</testsuite> <!-- Default test -->
