<?xml version="1.0" encoding="UTF-8"?>
<testng-results skipped="0" failed="0" ignored="0" total="2" passed="2">
  <reporter-output>
  </reporter-output>
  <suite name="Guru99 Test Automation Test Suite" duration-ms="41929" started-at="2021-03-24T14:35:19Z" finished-at="2021-03-24T14:36:01Z">
    <groups>
    </groups>
    <test name="Guru99 Test Cases" duration-ms="41929" started-at="2021-03-24T14:35:19Z" finished-at="2021-03-24T14:36:01Z">
      <class name="com.guru99.testcases.HomePageTest">
        <test-method status="PASS" signature="setUp()[pri:0, instance:com.guru99.testcases.HomePageTest@4cf777e8]" name="setUp" is-config="true" duration-ms="15866" started-at="2021-03-24T14:35:19Z" finished-at="2021-03-24T14:35:35Z">
          <reporter-output>
          </reporter-output>
        </test-method> <!-- setUp -->
        <test-method status="PASS" signature="printNumberOfTopicsUnderGivenHeadingTest()[pri:1, instance:com.guru99.testcases.HomePageTest@4cf777e8]" name="printNumberOfTopicsUnderGivenHeadingTest" duration-ms="184" started-at="2021-03-24T14:35:35Z" finished-at="2021-03-24T14:35:35Z">
          <reporter-output>
          </reporter-output>
        </test-method> <!-- printNumberOfTopicsUnderGivenHeadingTest -->
        <test-method status="PASS" signature="tearDown()[pri:0, instance:com.guru99.testcases.HomePageTest@4cf777e8]" name="tearDown" is-config="true" duration-ms="1035" started-at="2021-03-24T14:35:35Z" finished-at="2021-03-24T14:35:36Z">
          <reporter-output>
          </reporter-output>
        </test-method> <!-- tearDown -->
        <test-method status="PASS" signature="setUp()[pri:0, instance:com.guru99.testcases.HomePageTest@4cf777e8]" name="setUp" is-config="true" duration-ms="12132" started-at="2021-03-24T14:35:36Z" finished-at="2021-03-24T14:35:48Z">
          <reporter-output>
          </reporter-output>
        </test-method> <!-- setUp -->
        <test-method status="PASS" signature="searchGivenCourseAndFindRecordCountTest()[pri:2, instance:com.guru99.testcases.HomePageTest@4cf777e8]" name="searchGivenCourseAndFindRecordCountTest" duration-ms="11597" started-at="2021-03-24T14:35:48Z" finished-at="2021-03-24T14:36:00Z">
          <reporter-output>
          </reporter-output>
        </test-method> <!-- searchGivenCourseAndFindRecordCountTest -->
        <test-method status="PASS" signature="tearDown()[pri:0, instance:com.guru99.testcases.HomePageTest@4cf777e8]" name="tearDown" is-config="true" duration-ms="1069" started-at="2021-03-24T14:36:00Z" finished-at="2021-03-24T14:36:01Z">
          <reporter-output>
          </reporter-output>
        </test-method> <!-- tearDown -->
      </class> <!-- com.guru99.testcases.HomePageTest -->
    </test> <!-- Guru99 Test Cases -->
  </suite> <!-- Guru99 Test Automation Test Suite -->
</testng-results>
